timestamp: 2023-06-16T15:55:39.166016
CREATE TABLE "auth_user"(
    "id" INTEGER PRIMARY KEY AUTOINCREMENT,
    "first_name" CHAR(128),
    "last_name" CHAR(128),
    "email" CHAR(512),
    "password" CHAR(512),
    "registration_key" CHAR(512),
    "reset_password_key" CHAR(512),
    "registration_id" CHAR(512)
);
success!
timestamp: 2023-06-16T15:55:39.182016
CREATE TABLE "auth_group"(
    "id" INTEGER PRIMARY KEY AUTOINCREMENT,
    "role" CHAR(512),
    "description" TEXT
);
success!
timestamp: 2023-06-16T15:55:39.198013
CREATE TABLE "auth_membership"(
    "id" INTEGER PRIMARY KEY AUTOINCREMENT,
    "user_id" INTEGER REFERENCES "auth_user" ("id") ON DELETE CASCADE ON UPDATE CASCADE  ,
    "group_id" INTEGER REFERENCES "auth_group" ("id") ON DELETE CASCADE ON UPDATE CASCADE  
);
success!
timestamp: 2023-06-16T15:55:39.214015
CREATE TABLE "auth_permission"(
    "id" INTEGER PRIMARY KEY AUTOINCREMENT,
    "group_id" INTEGER REFERENCES "auth_group" ("id") ON DELETE CASCADE ON UPDATE CASCADE  ,
    "name" CHAR(512),
    "table_name" CHAR(512),
    "record_id" INTEGER
);
success!
timestamp: 2023-06-16T15:55:39.238013
CREATE TABLE "auth_event"(
    "id" INTEGER PRIMARY KEY AUTOINCREMENT,
    "time_stamp" TIMESTAMP,
    "client_ip" CHAR(512),
    "user_id" INTEGER REFERENCES "auth_user" ("id") ON DELETE CASCADE ON UPDATE CASCADE  ,
    "origin" CHAR(512),
    "description" TEXT
);
success!
timestamp: 2023-06-16T15:55:39.254016
CREATE TABLE "auth_cas"(
    "id" INTEGER PRIMARY KEY AUTOINCREMENT,
    "user_id" INTEGER REFERENCES "auth_user" ("id") ON DELETE CASCADE ON UPDATE CASCADE  ,
    "created_on" TIMESTAMP,
    "service" CHAR(512),
    "ticket" CHAR(512),
    "renew" CHAR(1)
);
success!
timestamp: 2023-06-16T15:55:39.278012
CREATE TABLE "film"(
    "id" INTEGER PRIMARY KEY AUTOINCREMENT,
    "image" CHAR(512),
    "resume_video" CHAR(512),
    "titre" CHAR(512),
    "date_sortie" DATE,
    "duree" CHAR(512),
    "realisateur" CHAR(512),
    "description" TEXT
);
success!
timestamp: 2023-06-16T15:55:39.294053
CREATE TABLE "affiche"(
    "id" INTEGER PRIMARY KEY AUTOINCREMENT,
    "numero_affiche" CHAR(512),
    "date_heure_projection" TIMESTAMP,
    "film_id" INTEGER REFERENCES "film" ("id") ON DELETE CASCADE ON UPDATE CASCADE  
);
success!
timestamp: 2023-06-16T15:55:39.310046
CREATE TABLE "personne"(
    "id" INTEGER PRIMARY KEY AUTOINCREMENT,
    "nom" CHAR(512),
    "prenom" CHAR(512)
);
success!
timestamp: 2023-06-16T15:55:39.326013
CREATE TABLE "place"(
    "id" INTEGER PRIMARY KEY AUTOINCREMENT,
    "affiche_id" INTEGER REFERENCES "affiche" ("id") ON DELETE CASCADE ON UPDATE CASCADE  ,
    "personne_id" INTEGER REFERENCES "personne" ("id") ON DELETE CASCADE ON UPDATE CASCADE  ,
    "nombre_place" INTEGER
);
success!
timestamp: 2023-06-16T15:55:39.342047
CREATE TABLE "pdf"(
    "id" INTEGER PRIMARY KEY AUTOINCREMENT,
    "place_id" INTEGER REFERENCES "place" ("id") ON DELETE CASCADE ON UPDATE CASCADE  ,
    "pdf_url" CHAR(512)
);
success!
